<?xml version="1.0" encoding="UTF-8"?>
<!-- Generated by org.testng.reporters.JUnitReportReporter -->
<testsuite hostname="DESKTOP-THGT54K" failures="0" tests="1" name="com.sample.pages.HomePage" time="0.406" errors="0" timestamp="2023-03-24T06:18:26 IST" skipped="0">
  <testcase classname="com.sample.pages.HomePage" name="linkTest" time="0.406"/>
  <system-out/>
</testsuite> <!-- com.sample.pages.HomePage -->
